<?xml version="1.0" encoding="UTF-8"?>
<!-- Generated by org.testng.reporters.JUnitReportReporter -->
<testsuite skipped="0" hostname="LTUS43208" name="com.nbcd.Test.TCHomePage" tests="1" failures="0" timestamp="23 Oct 2017 07:55:33 GMT" time="16.631" errors="0">
  <testcase name="MenuDetails" time="16.631" classname="com.nbcd.Test.TCHomePage"/>
</testsuite> <!-- com.nbcd.Test.TCHomePage -->
