<?xml version="1.0" encoding="UTF-8"?>
<!-- Generated by org.testng.reporters.JUnitReportReporter -->
<testsuite skipped="0" hostname="LTUS43208" name="com.nbcd.Test.TCShowHomePage_043VerifyTwitterTags" tests="1" failures="0" timestamp="23 Oct 2017 07:55:33 GMT" time="15.231" errors="0">
  <testcase name="TwitterTags" time="15.231" classname="com.nbcd.Test.TCShowHomePage_043VerifyTwitterTags"/>
</testsuite> <!-- com.nbcd.Test.TCShowHomePage_043VerifyTwitterTags -->
