<?xml version="1.0" encoding="UTF-8"?>
<!-- Generated by org.testng.reporters.JUnitReportReporter -->
<testsuite skipped="0" hostname="LTUS43208" name="com.nbcd.Test.TCShowHomePage_043VerifyTwitterTags" tests="1" failures="0" timestamp="24 Oct 2017 22:42:48 GMT" time="29.232" errors="0">
  <testcase name="TwitterTags" time="29.232" classname="com.nbcd.Test.TCShowHomePage_043VerifyTwitterTags"/>
</testsuite> <!-- com.nbcd.Test.TCShowHomePage_043VerifyTwitterTags -->
