<?xml version="1.0" encoding="UTF-8"?>
<!-- Generated by org.testng.reporters.JUnitReportReporter -->
<testsuite skipped="0" hostname="LTUS43208" name="com.nbcd.Test.TCLaunchNBC" tests="1" failures="0" timestamp="15 Oct 2017 09:10:50 GMT" time="13.985" errors="0">
  <testcase name="LaunchNBC" time="13.985" classname="com.nbcd.Test.TCLaunchNBC"/>
</testsuite> <!-- com.nbcd.Test.TCLaunchNBC -->
