<?xml version="1.0" encoding="UTF-8"?>
<!-- Generated by org.testng.reporters.JUnitReportReporter -->
<testsuite skipped="0" hostname="LTUS43208" name="com.nbcd.Test.TCHomePage" tests="1" failures="0" timestamp="24 Oct 2017 22:42:48 GMT" time="30.531" errors="0">
  <testcase name="MenuDetails" time="30.531" classname="com.nbcd.Test.TCHomePage"/>
</testsuite> <!-- com.nbcd.Test.TCHomePage -->
