<?xml version="1.0" encoding="UTF-8"?>
<!-- Generated by org.testng.reporters.JUnitReportReporter -->
<testsuite skipped="0" hostname="LTUS43208" name="com.nbcd.TestRunner.TestRunner" tests="1" failures="0" timestamp="23 Oct 2017 02:46:01 GMT" time="24.395" errors="0">
  <testcase name="tRun" time="24.395" classname="com.nbcd.TestRunner.TestRunner"/>
</testsuite> <!-- com.nbcd.TestRunner.TestRunner -->
