<?xml version="1.0" encoding="UTF-8"?>
<!-- Generated by org.testng.reporters.JUnitReportReporter -->
<testsuite skipped="0" hostname="LTUS43208" name="com.nbcd.Test.TCShowPage" tests="1" failures="0" timestamp="23 Oct 2017 02:35:21 GMT" time="13.184" errors="0">
  <testcase name="Shows" time="13.184" classname="com.nbcd.Test.TCShowPage"/>
</testsuite> <!-- com.nbcd.Test.TCShowPage -->
